[debug] [2020-12-05T21:56:17.246Z] ----------------------------------------------------------------------
[debug] [2020-12-05T21:56:17.248Z] Command:       C:\Users\Christopher\AppData\Local\Volta\tools\image\node\10.23.0\node.exe C:\Users\Christopher\AppData\Roaming\npm\node_modules\firebase-tools\lib\bin\firebase.js emulators:start --only functions
[debug] [2020-12-05T21:56:17.248Z] CLI Version:   8.4.3
[debug] [2020-12-05T21:56:17.248Z] Platform:      win32
[debug] [2020-12-05T21:56:17.248Z] Node Version:  v10.23.0
[debug] [2020-12-05T21:56:17.249Z] Time:          Sat Dec 05 2020 15:56:17 GMT-0600 (Central Standard Time)
[debug] [2020-12-05T21:56:17.249Z] ----------------------------------------------------------------------
[debug] [2020-12-05T21:56:17.249Z] 
[debug] [2020-12-05T21:56:17.256Z] > command requires scopes: ["email","openid","https://www.googleapis.com/auth/cloudplatformprojects.readonly","https://www.googleapis.com/auth/firebase","https://www.googleapis.com/auth/cloud-platform"]
[debug] [2020-12-05T21:56:17.256Z] > authorizing via signed-in user
[info] i  emulators: Starting emulators: functions {"metadata":{"emulator":{"name":"hub"},"message":"Starting emulators: functions"}}
[debug] [2020-12-05T21:56:19.309Z] [hub] writing locator at C:\Users\CHRIST~1\AppData\Local\Temp\hub-private-art-hub-project.json
[info] +  functions: Using node@10 from host. {"metadata":{"emulator":{"name":"functions"},"message":"Using node@10 from host."}}
[debug] [2020-12-05T21:56:25.470Z] Ignoring unsupported arg: auto_download {"metadata":{"emulator":{"name":"ui"},"message":"Ignoring unsupported arg: auto_download"}}
[debug] [2020-12-05T21:56:25.470Z] Ignoring unsupported arg: port {"metadata":{"emulator":{"name":"ui"},"message":"Ignoring unsupported arg: port"}}
[debug] [2020-12-05T21:56:25.470Z] Starting Emulator UI with command {"binary":"node","args":["C:\\Users\\Christopher\\.cache\\firebase\\emulators\\ui-v1.1.0\\server.bundle.js"],"optionalArgs":[],"joinArgs":false} {"metadata":{"emulator":{"name":"ui"},"message":"Starting Emulator UI with command {\"binary\":\"node\",\"args\":[\"C:\\\\Users\\\\Christopher\\\\.cache\\\\firebase\\\\emulators\\\\ui-v1.1.0\\\\server.bundle.js\"],\"optionalArgs\":[],\"joinArgs\":false}"}}
[info] i  ui: Emulator UI logging to ui-debug.log {"metadata":{"emulator":{"name":"ui"},"message":"Emulator UI logging to \u001b[1mui-debug.log\u001b[22m"}}
[debug] [2020-12-05T21:56:25.647Z] Web / API server started at http://localhost:4000
 {"metadata":{"emulator":{"name":"ui"},"message":"Web / API server started at http://localhost:4000\n"}}
[info] i  functions: Watching "C:\Users\Christopher\Workspace\private-art-hub-project\functions" for Cloud Functions... {"metadata":{"emulator":{"name":"functions"},"message":"Watching \"C:\\Users\\Christopher\\Workspace\\private-art-hub-project\\functions\" for Cloud Functions..."}}
[debug] [2020-12-05T21:56:26.013Z] [worker-pool] addWorker(~diagnostic~) {"metadata":{"emulator":{"name":"functions"},"message":"[worker-pool] addWorker(~diagnostic~)"}}
[debug] [2020-12-05T21:56:26.014Z] [worker-pool] Adding worker with key ~diagnostic~, total=1 {"metadata":{"emulator":{"name":"functions"},"message":"[worker-pool] Adding worker with key ~diagnostic~, total=1"}}
[debug] [2020-12-05T21:56:26.014Z] [worker-pool] submitWork(triggerId=) {"metadata":{"emulator":{"name":"functions"},"message":"[worker-pool] submitWork(triggerId=)"}}
[debug] [2020-12-05T21:56:26.014Z] [worker-~diagnostic~-705efdd3-89ae-4e00-af37-1444092d7348]: Assigning socketPath: \\?\pipe\C:\Users\Christopher\Workspace\private-art-hub-project\functions\22044 {"metadata":{"emulator":{"name":"functions"},"message":"[worker-~diagnostic~-705efdd3-89ae-4e00-af37-1444092d7348]: Assigning socketPath: \\\\?\\pipe\\C:\\Users\\Christopher\\Workspace\\private-art-hub-project\\functions\\22044"}}
[debug] [2020-12-05T21:56:26.015Z] [worker-~diagnostic~-705efdd3-89ae-4e00-af37-1444092d7348]: BUSY {"metadata":{"emulator":{"name":"functions"},"message":"[worker-~diagnostic~-705efdd3-89ae-4e00-af37-1444092d7348]: BUSY"}}
[debug] [2020-12-05T21:56:26.550Z] [runtime-status] [22044] Functions runtime initialized. {"cwd":"C:\\Users\\Christopher\\Workspace\\private-art-hub-project\\functions","node_version":"10.23.0"} {"metadata":{"emulator":{"name":"functions"},"message":"[runtime-status] [22044] Functions runtime initialized. {\"cwd\":\"C:\\\\Users\\\\Christopher\\\\Workspace\\\\private-art-hub-project\\\\functions\",\"node_version\":\"10.23.0\"}"}}
[debug] [2020-12-05T21:56:26.551Z] [runtime-status] [22044] Disabled runtime features: undefined {"metadata":{"emulator":{"name":"functions"},"message":"[runtime-status] [22044] Disabled runtime features: undefined"}}
[debug] [2020-12-05T21:56:26.555Z] [runtime-status] [22044] Resolved module firebase-admin {"declared":true,"installed":true,"version":"8.13.0","resolution":"C:\\Users\\Christopher\\Workspace\\private-art-hub-project\\functions\\node_modules\\firebase-admin\\lib\\index.js"} {"metadata":{"emulator":{"name":"functions"},"message":"[runtime-status] [22044] Resolved module firebase-admin {\"declared\":true,\"installed\":true,\"version\":\"8.13.0\",\"resolution\":\"C:\\\\Users\\\\Christopher\\\\Workspace\\\\private-art-hub-project\\\\functions\\\\node_modules\\\\firebase-admin\\\\lib\\\\index.js\"}"}}
[debug] [2020-12-05T21:56:26.558Z] [runtime-status] [22044] Resolved module firebase-functions {"declared":true,"installed":true,"version":"3.7.0","resolution":"C:\\Users\\Christopher\\Workspace\\private-art-hub-project\\functions\\node_modules\\firebase-functions\\lib\\index.js"} {"metadata":{"emulator":{"name":"functions"},"message":"[runtime-status] [22044] Resolved module firebase-functions {\"declared\":true,\"installed\":true,\"version\":\"3.7.0\",\"resolution\":\"C:\\\\Users\\\\Christopher\\\\Workspace\\\\private-art-hub-project\\\\functions\\\\node_modules\\\\firebase-functions\\\\lib\\\\index.js\"}"}}
[debug] [2020-12-05T21:56:26.564Z] [runtime-status] [22044] Outgoing network have been stubbed. [{"name":"http","status":"mocked"},{"name":"http","status":"mocked"},{"name":"https","status":"mocked"},{"name":"https","status":"mocked"},{"name":"net","status":"mocked"}] {"metadata":{"emulator":{"name":"functions"},"message":"[runtime-status] [22044] Outgoing network have been stubbed. [{\"name\":\"http\",\"status\":\"mocked\"},{\"name\":\"http\",\"status\":\"mocked\"},{\"name\":\"https\",\"status\":\"mocked\"},{\"name\":\"https\",\"status\":\"mocked\"},{\"name\":\"net\",\"status\":\"mocked\"}]"}}
[debug] [2020-12-05T21:56:26.565Z] [runtime-status] [22044] Resolved module firebase-functions {"declared":true,"installed":true,"version":"3.7.0","resolution":"C:\\Users\\Christopher\\Workspace\\private-art-hub-project\\functions\\node_modules\\firebase-functions\\lib\\index.js"} {"metadata":{"emulator":{"name":"functions"},"message":"[runtime-status] [22044] Resolved module firebase-functions {\"declared\":true,\"installed\":true,\"version\":\"3.7.0\",\"resolution\":\"C:\\\\Users\\\\Christopher\\\\Workspace\\\\private-art-hub-project\\\\functions\\\\node_modules\\\\firebase-functions\\\\lib\\\\index.js\"}"}}
[debug] [2020-12-05T21:56:26.625Z] [runtime-status] [22044] Checked functions.config() {"config":{}} {"metadata":{"emulator":{"name":"functions"},"message":"[runtime-status] [22044] Checked functions.config() {\"config\":{}}"}}
[debug] [2020-12-05T21:56:26.626Z] [runtime-status] [22044] firebase-functions has been stubbed. {"functionsResolution":{"declared":true,"installed":true,"version":"3.7.0","resolution":"C:\\Users\\Christopher\\Workspace\\private-art-hub-project\\functions\\node_modules\\firebase-functions\\lib\\index.js"}} {"metadata":{"emulator":{"name":"functions"},"message":"[runtime-status] [22044] firebase-functions has been stubbed. {\"functionsResolution\":{\"declared\":true,\"installed\":true,\"version\":\"3.7.0\",\"resolution\":\"C:\\\\Users\\\\Christopher\\\\Workspace\\\\private-art-hub-project\\\\functions\\\\node_modules\\\\firebase-functions\\\\lib\\\\index.js\"}}"}}
[debug] [2020-12-05T21:56:26.626Z] [runtime-status] [22044] Resolved module firebase-functions {"declared":true,"installed":true,"version":"3.7.0","resolution":"C:\\Users\\Christopher\\Workspace\\private-art-hub-project\\functions\\node_modules\\firebase-functions\\lib\\index.js"} {"metadata":{"emulator":{"name":"functions"},"message":"[runtime-status] [22044] Resolved module firebase-functions {\"declared\":true,\"installed\":true,\"version\":\"3.7.0\",\"resolution\":\"C:\\\\Users\\\\Christopher\\\\Workspace\\\\private-art-hub-project\\\\functions\\\\node_modules\\\\firebase-functions\\\\lib\\\\index.js\"}"}}
[debug] [2020-12-05T21:56:26.628Z] [runtime-status] [22044] Resolved module firebase-admin {"declared":true,"installed":true,"version":"8.13.0","resolution":"C:\\Users\\Christopher\\Workspace\\private-art-hub-project\\functions\\node_modules\\firebase-admin\\lib\\index.js"} {"metadata":{"emulator":{"name":"functions"},"message":"[runtime-status] [22044] Resolved module firebase-admin {\"declared\":true,\"installed\":true,\"version\":\"8.13.0\",\"resolution\":\"C:\\\\Users\\\\Christopher\\\\Workspace\\\\private-art-hub-project\\\\functions\\\\node_modules\\\\firebase-admin\\\\lib\\\\index.js\"}"}}
[debug] [2020-12-05T21:56:26.628Z] [runtime-status] [22044] Resolved module firebase-functions {"declared":true,"installed":true,"version":"3.7.0","resolution":"C:\\Users\\Christopher\\Workspace\\private-art-hub-project\\functions\\node_modules\\firebase-functions\\lib\\index.js"} {"metadata":{"emulator":{"name":"functions"},"message":"[runtime-status] [22044] Resolved module firebase-functions {\"declared\":true,\"installed\":true,\"version\":\"3.7.0\",\"resolution\":\"C:\\\\Users\\\\Christopher\\\\Workspace\\\\private-art-hub-project\\\\functions\\\\node_modules\\\\firebase-functions\\\\lib\\\\index.js\"}"}}
[debug] [2020-12-05T21:56:26.629Z] [runtime-status] [22044] firebase-admin has been stubbed. {"adminResolution":{"declared":true,"installed":true,"version":"8.13.0","resolution":"C:\\Users\\Christopher\\Workspace\\private-art-hub-project\\functions\\node_modules\\firebase-admin\\lib\\index.js"}} {"metadata":{"emulator":{"name":"functions"},"message":"[runtime-status] [22044] firebase-admin has been stubbed. {\"adminResolution\":{\"declared\":true,\"installed\":true,\"version\":\"8.13.0\",\"resolution\":\"C:\\\\Users\\\\Christopher\\\\Workspace\\\\private-art-hub-project\\\\functions\\\\node_modules\\\\firebase-admin\\\\lib\\\\index.js\"}}"}}
[debug] [2020-12-05T21:56:26.632Z] [runtime-status] [22044] initializeApp(DEFAULT) {"databaseURL":"https://private-art-hub-project.firebaseio.com","storageBucket":"private-art-hub-project.appspot.com","projectId":"private-art-hub-project"} {"metadata":{"emulator":{"name":"functions"},"message":"[runtime-status] [22044] initializeApp(DEFAULT) {\"databaseURL\":\"https://private-art-hub-project.firebaseio.com\",\"storageBucket\":\"private-art-hub-project.appspot.com\",\"projectId\":\"private-art-hub-project\"}"}}
[info] +  functions[gravatar]: http function initialized (http://localhost:5001/private-art-hub-project/us-central1/gravatar). {"metadata":{"emulator":{"name":"functions"},"message":"\u001b[1mhttp\u001b[22m function initialized (http://localhost:5001/private-art-hub-project/us-central1/gravatar)."}}
[info] 
┌───────────────────────────────────────────────────────────────────────┐
│ ✔  All emulators ready! View status and logs at http://localhost:4000 │
└───────────────────────────────────────────────────────────────────────┘

┌───────────┬────────────────┬─────────────────────────────────┐
│ Emulator  │ Host:Port      │ View in Emulator UI             │
├───────────┼────────────────┼─────────────────────────────────┤
│ Functions │ localhost:5001 │ http://localhost:4000/functions │
└───────────┴────────────────┴─────────────────────────────────┘
  Other reserved ports: 4400, 4500

Issues? Report them at https://github.com/firebase/firebase-tools/issues and attach the *-debug.log files.
 
[debug] [2020-12-05T21:56:26.736Z] [worker-~diagnostic~-705efdd3-89ae-4e00-af37-1444092d7348]: IDLE {"metadata":{"emulator":{"name":"functions"},"message":"[worker-~diagnostic~-705efdd3-89ae-4e00-af37-1444092d7348]: IDLE"}}
