[debug] [2020-07-21T21:07:31.082Z] ----------------------------------------------------------------------
[debug] [2020-07-21T21:07:31.084Z] Command:       C:\Users\Christopher\AppData\Local\Volta\tools\image\node\10.21.0\node.exe C:\Users\Christopher\AppData\Roaming\npm\node_modules\firebase-tools\lib\bin\firebase.js emulators:start
[debug] [2020-07-21T21:07:31.084Z] CLI Version:   8.4.3
[debug] [2020-07-21T21:07:31.084Z] Platform:      win32
[debug] [2020-07-21T21:07:31.085Z] Node Version:  v10.21.0
[debug] [2020-07-21T21:07:31.086Z] Time:          Tue Jul 21 2020 16:07:31 GMT-0500 (Central Daylight Time)
[debug] [2020-07-21T21:07:31.086Z] ----------------------------------------------------------------------
[debug] [2020-07-21T21:07:31.086Z] 
[debug] [2020-07-21T21:07:31.099Z] > command requires scopes: ["email","openid","https://www.googleapis.com/auth/cloudplatformprojects.readonly","https://www.googleapis.com/auth/firebase","https://www.googleapis.com/auth/cloud-platform"]
[debug] [2020-07-21T21:07:31.099Z] > authorizing via signed-in user
[info] i  emulators: Starting emulators: functions {"metadata":{"emulator":{"name":"hub"},"message":"Starting emulators: functions"}}
[warn] !  emulators: It seems that you are running multiple instances of the emulator suite for project private-art-hub-project. This may result in unexpected behavior. 
[debug] [2020-07-21T21:07:33.136Z] [hub] writing locator at C:\Users\CHRIST~1\AppData\Local\Temp\hub-private-art-hub-project.json
[info] +  functions: Using node@10 from host. {"metadata":{"emulator":{"name":"functions"},"message":"Using node@10 from host."}}
[debug] [2020-07-21T21:07:35.439Z] [work-queue] {"queueLength":1,"workRunningCount":0}
[debug] [2020-07-21T21:07:35.440Z] [work-queue] {"queueLength":0,"workRunningCount":1}
[debug] [2020-07-21T21:07:35.450Z] FirebaseError: No trigger with name gravatar {"metadata":{"emulator":{"name":"functions"},"message":{"name":"FirebaseError","children":[],"exit":1,"message":"No trigger with name gravatar","status":500}}}
[debug] [2020-07-21T21:07:35.450Z] [work-queue] {"queueLength":0,"workRunningCount":0}
[debug] [2020-07-21T21:07:39.304Z] Ignoring unsupported arg: auto_download {"metadata":{"emulator":{"name":"ui"},"message":"Ignoring unsupported arg: auto_download"}}
[debug] [2020-07-21T21:07:39.305Z] Ignoring unsupported arg: port {"metadata":{"emulator":{"name":"ui"},"message":"Ignoring unsupported arg: port"}}
[debug] [2020-07-21T21:07:39.306Z] Starting Emulator UI with command {"binary":"node","args":["C:\\Users\\Christopher\\.cache\\firebase\\emulators\\ui-v1.1.0\\server.bundle.js"],"optionalArgs":[],"joinArgs":false} {"metadata":{"emulator":{"name":"ui"},"message":"Starting Emulator UI with command {\"binary\":\"node\",\"args\":[\"C:\\\\Users\\\\Christopher\\\\.cache\\\\firebase\\\\emulators\\\\ui-v1.1.0\\\\server.bundle.js\"],\"optionalArgs\":[],\"joinArgs\":false}"}}
[info] i  ui: Emulator UI logging to ui-debug.log {"metadata":{"emulator":{"name":"ui"},"message":"Emulator UI logging to \u001b[1mui-debug.log\u001b[22m"}}
[debug] [2020-07-21T21:07:39.480Z] Web / API server started at http://localhost:4000
 {"metadata":{"emulator":{"name":"ui"},"message":"Web / API server started at http://localhost:4000\n"}}
[info] i  functions: Watching "C:\Users\Christopher\Workspace\private-art-hub-project\functions" for Cloud Functions... {"metadata":{"emulator":{"name":"functions"},"message":"Watching \"C:\\Users\\Christopher\\Workspace\\private-art-hub-project\\functions\" for Cloud Functions..."}}
[debug] [2020-07-21T21:07:39.852Z] [worker-pool] addWorker(~diagnostic~) {"metadata":{"emulator":{"name":"functions"},"message":"[worker-pool] addWorker(~diagnostic~)"}}
[debug] [2020-07-21T21:07:39.853Z] [worker-pool] Adding worker with key ~diagnostic~, total=1 {"metadata":{"emulator":{"name":"functions"},"message":"[worker-pool] Adding worker with key ~diagnostic~, total=1"}}
[debug] [2020-07-21T21:07:39.853Z] [worker-pool] submitWork(triggerId=) {"metadata":{"emulator":{"name":"functions"},"message":"[worker-pool] submitWork(triggerId=)"}}
[debug] [2020-07-21T21:07:39.853Z] [worker-~diagnostic~-4a32e933-9a0d-4d13-b106-ef5492a1f4b4]: Assigning socketPath: \\?\pipe\C:\Users\Christopher\Workspace\private-art-hub-project\functions\1972 {"metadata":{"emulator":{"name":"functions"},"message":"[worker-~diagnostic~-4a32e933-9a0d-4d13-b106-ef5492a1f4b4]: Assigning socketPath: \\\\?\\pipe\\C:\\Users\\Christopher\\Workspace\\private-art-hub-project\\functions\\1972"}}
[debug] [2020-07-21T21:07:39.853Z] [worker-~diagnostic~-4a32e933-9a0d-4d13-b106-ef5492a1f4b4]: BUSY {"metadata":{"emulator":{"name":"functions"},"message":"[worker-~diagnostic~-4a32e933-9a0d-4d13-b106-ef5492a1f4b4]: BUSY"}}
[debug] [2020-07-21T21:07:40.375Z] [runtime-status] [1972] Functions runtime initialized. {"cwd":"C:\\Users\\Christopher\\Workspace\\private-art-hub-project\\functions","node_version":"10.21.0"} {"metadata":{"emulator":{"name":"functions"},"message":"[runtime-status] [1972] Functions runtime initialized. {\"cwd\":\"C:\\\\Users\\\\Christopher\\\\Workspace\\\\private-art-hub-project\\\\functions\",\"node_version\":\"10.21.0\"}"}}
[debug] [2020-07-21T21:07:40.377Z] [runtime-status] [1972] Disabled runtime features: undefined {"metadata":{"emulator":{"name":"functions"},"message":"[runtime-status] [1972] Disabled runtime features: undefined"}}
[debug] [2020-07-21T21:07:40.382Z] [runtime-status] [1972] Resolved module firebase-admin {"declared":true,"installed":true,"version":"8.13.0","resolution":"C:\\Users\\Christopher\\Workspace\\private-art-hub-project\\functions\\node_modules\\firebase-admin\\lib\\index.js"} {"metadata":{"emulator":{"name":"functions"},"message":"[runtime-status] [1972] Resolved module firebase-admin {\"declared\":true,\"installed\":true,\"version\":\"8.13.0\",\"resolution\":\"C:\\\\Users\\\\Christopher\\\\Workspace\\\\private-art-hub-project\\\\functions\\\\node_modules\\\\firebase-admin\\\\lib\\\\index.js\"}"}}
[debug] [2020-07-21T21:07:40.384Z] [runtime-status] [1972] Resolved module firebase-functions {"declared":true,"installed":true,"version":"3.7.0","resolution":"C:\\Users\\Christopher\\Workspace\\private-art-hub-project\\functions\\node_modules\\firebase-functions\\lib\\index.js"} {"metadata":{"emulator":{"name":"functions"},"message":"[runtime-status] [1972] Resolved module firebase-functions {\"declared\":true,\"installed\":true,\"version\":\"3.7.0\",\"resolution\":\"C:\\\\Users\\\\Christopher\\\\Workspace\\\\private-art-hub-project\\\\functions\\\\node_modules\\\\firebase-functions\\\\lib\\\\index.js\"}"}}
[debug] [2020-07-21T21:07:40.388Z] [runtime-status] [1972] Outgoing network have been stubbed. [{"name":"http","status":"mocked"},{"name":"http","status":"mocked"},{"name":"https","status":"mocked"},{"name":"https","status":"mocked"},{"name":"net","status":"mocked"}] {"metadata":{"emulator":{"name":"functions"},"message":"[runtime-status] [1972] Outgoing network have been stubbed. [{\"name\":\"http\",\"status\":\"mocked\"},{\"name\":\"http\",\"status\":\"mocked\"},{\"name\":\"https\",\"status\":\"mocked\"},{\"name\":\"https\",\"status\":\"mocked\"},{\"name\":\"net\",\"status\":\"mocked\"}]"}}
[debug] [2020-07-21T21:07:40.389Z] [runtime-status] [1972] Resolved module firebase-functions {"declared":true,"installed":true,"version":"3.7.0","resolution":"C:\\Users\\Christopher\\Workspace\\private-art-hub-project\\functions\\node_modules\\firebase-functions\\lib\\index.js"} {"metadata":{"emulator":{"name":"functions"},"message":"[runtime-status] [1972] Resolved module firebase-functions {\"declared\":true,\"installed\":true,\"version\":\"3.7.0\",\"resolution\":\"C:\\\\Users\\\\Christopher\\\\Workspace\\\\private-art-hub-project\\\\functions\\\\node_modules\\\\firebase-functions\\\\lib\\\\index.js\"}"}}
[debug] [2020-07-21T21:07:40.463Z] [runtime-status] [1972] Checked functions.config() {"config":{}} {"metadata":{"emulator":{"name":"functions"},"message":"[runtime-status] [1972] Checked functions.config() {\"config\":{}}"}}
[debug] [2020-07-21T21:07:40.463Z] [runtime-status] [1972] firebase-functions has been stubbed. {"functionsResolution":{"declared":true,"installed":true,"version":"3.7.0","resolution":"C:\\Users\\Christopher\\Workspace\\private-art-hub-project\\functions\\node_modules\\firebase-functions\\lib\\index.js"}} {"metadata":{"emulator":{"name":"functions"},"message":"[runtime-status] [1972] firebase-functions has been stubbed. {\"functionsResolution\":{\"declared\":true,\"installed\":true,\"version\":\"3.7.0\",\"resolution\":\"C:\\\\Users\\\\Christopher\\\\Workspace\\\\private-art-hub-project\\\\functions\\\\node_modules\\\\firebase-functions\\\\lib\\\\index.js\"}}"}}
[debug] [2020-07-21T21:07:40.463Z] [runtime-status] [1972] Resolved module firebase-functions {"declared":true,"installed":true,"version":"3.7.0","resolution":"C:\\Users\\Christopher\\Workspace\\private-art-hub-project\\functions\\node_modules\\firebase-functions\\lib\\index.js"} {"metadata":{"emulator":{"name":"functions"},"message":"[runtime-status] [1972] Resolved module firebase-functions {\"declared\":true,\"installed\":true,\"version\":\"3.7.0\",\"resolution\":\"C:\\\\Users\\\\Christopher\\\\Workspace\\\\private-art-hub-project\\\\functions\\\\node_modules\\\\firebase-functions\\\\lib\\\\index.js\"}"}}
[debug] [2020-07-21T21:07:40.464Z] [runtime-status] [1972] Resolved module firebase-admin {"declared":true,"installed":true,"version":"8.13.0","resolution":"C:\\Users\\Christopher\\Workspace\\private-art-hub-project\\functions\\node_modules\\firebase-admin\\lib\\index.js"} {"metadata":{"emulator":{"name":"functions"},"message":"[runtime-status] [1972] Resolved module firebase-admin {\"declared\":true,\"installed\":true,\"version\":\"8.13.0\",\"resolution\":\"C:\\\\Users\\\\Christopher\\\\Workspace\\\\private-art-hub-project\\\\functions\\\\node_modules\\\\firebase-admin\\\\lib\\\\index.js\"}"}}
[debug] [2020-07-21T21:07:40.465Z] [runtime-status] [1972] Resolved module firebase-functions {"declared":true,"installed":true,"version":"3.7.0","resolution":"C:\\Users\\Christopher\\Workspace\\private-art-hub-project\\functions\\node_modules\\firebase-functions\\lib\\index.js"} {"metadata":{"emulator":{"name":"functions"},"message":"[runtime-status] [1972] Resolved module firebase-functions {\"declared\":true,\"installed\":true,\"version\":\"3.7.0\",\"resolution\":\"C:\\\\Users\\\\Christopher\\\\Workspace\\\\private-art-hub-project\\\\functions\\\\node_modules\\\\firebase-functions\\\\lib\\\\index.js\"}"}}
[debug] [2020-07-21T21:07:40.465Z] [runtime-status] [1972] firebase-admin has been stubbed. {"adminResolution":{"declared":true,"installed":true,"version":"8.13.0","resolution":"C:\\Users\\Christopher\\Workspace\\private-art-hub-project\\functions\\node_modules\\firebase-admin\\lib\\index.js"}} {"metadata":{"emulator":{"name":"functions"},"message":"[runtime-status] [1972] firebase-admin has been stubbed. {\"adminResolution\":{\"declared\":true,\"installed\":true,\"version\":\"8.13.0\",\"resolution\":\"C:\\\\Users\\\\Christopher\\\\Workspace\\\\private-art-hub-project\\\\functions\\\\node_modules\\\\firebase-admin\\\\lib\\\\index.js\"}}"}}
[debug] [2020-07-21T21:07:40.469Z] [runtime-status] [1972] initializeApp(DEFAULT) {"databaseURL":"https://private-art-hub-project.firebaseio.com","storageBucket":"private-art-hub-project.appspot.com","projectId":"private-art-hub-project"} {"metadata":{"emulator":{"name":"functions"},"message":"[runtime-status] [1972] initializeApp(DEFAULT) {\"databaseURL\":\"https://private-art-hub-project.firebaseio.com\",\"storageBucket\":\"private-art-hub-project.appspot.com\",\"projectId\":\"private-art-hub-project\"}"}}
[info] +  functions[gravatar]: http function initialized (http://localhost:5001/private-art-hub-project/us-central1/gravatar). {"metadata":{"emulator":{"name":"functions"},"message":"\u001b[1mhttp\u001b[22m function initialized (http://localhost:5001/private-art-hub-project/us-central1/gravatar)."}}
[info] 
┌───────────────────────────────────────────────────────────────────────┐
│ ✔  All emulators ready! View status and logs at http://localhost:4000 │
└───────────────────────────────────────────────────────────────────────┘

┌───────────┬────────────────┬─────────────────────────────────┐
│ Emulator  │ Host:Port      │ View in Emulator UI             │
├───────────┼────────────────┼─────────────────────────────────┤
│ Functions │ localhost:5001 │ http://localhost:4000/functions │
└───────────┴────────────────┴─────────────────────────────────┘
  Other reserved ports: 4400, 4500

Issues? Report them at https://github.com/firebase/firebase-tools/issues and attach the *-debug.log files.
 
[debug] [2020-07-21T21:07:40.584Z] [worker-~diagnostic~-4a32e933-9a0d-4d13-b106-ef5492a1f4b4]: IDLE {"metadata":{"emulator":{"name":"functions"},"message":"[worker-~diagnostic~-4a32e933-9a0d-4d13-b106-ef5492a1f4b4]: IDLE"}}
